<?xml version="1.0" encoding="UTF-8"?>
<testng-results skipped="0" failed="0" total="1" passed="1">
  <reporter-output>
  </reporter-output>
  <suite name="Default suite" duration-ms="70400" started-at="2018-04-10T13:46:03Z" finished-at="2018-04-10T13:47:14Z">
    <groups>
    </groups>
    <test name="Default test" duration-ms="70400" started-at="2018-04-10T13:46:03Z" finished-at="2018-04-10T13:47:14Z">
      <class name="org.majento.tests.Script3">
        <test-method status="PASS" signature="verifyreturnreceived()[pri:0, instance:org.majento.tests.Script3@d8355a8]" name="verifyreturnreceived" duration-ms="70358" started-at="2018-04-10T19:16:03Z" finished-at="2018-04-10T19:17:14Z">
          <reporter-output>
          </reporter-output>
        </test-method> <!-- verifyreturnreceived -->
      </class> <!-- org.majento.tests.Script3 -->
    </test> <!-- Default test -->
  </suite> <!-- Default suite -->
</testng-results>
